[36m[2025-11-28T02:03:55.355Z] [INFO] 🔧 IMPROVEMENT: Creating Continuous Improvement Runner[0m
[36m[2025-11-28T02:03:55.366Z] [INFO]    → Runs improvements every 2.5 minutes[0m
[36m[2025-11-28T02:03:55.367Z] [INFO]    → Saves and updates automatically[0m
[36m[2025-11-28T02:03:55.372Z] [INFO]    → Tracks progress and results[0m
[36m[2025-11-28T02:03:55.394Z] [INFO] Interval: 2.5 minutes (150s)[0m
[36m[2025-11-28T02:03:55.395Z] [INFO] State file: /Users/rebeccalemke/cathedral-master-deployment/.continuous-improvement-state.json[0m
[36m[2025-11-28T02:03:55.475Z] [INFO] Started: 11/27/2025, 8:03:55 PM[0m
[36m[2025-11-28T02:03:55.477Z] [INFO] Started: 8:03:55 PM[0m
[36m[2025-11-28T02:03:55.479Z] [INFO] 📋 Phase 1: Repository & Git Updates[0m
[36m[2025-11-28T02:03:57.774Z] [INFO] 
📋 Phase 2: Solve et Coagula (Doubt → Research → Implementation)[0m
[36m[2025-11-28T02:04:00.220Z] [INFO] 
📋 Phase 3: Code & Quality Improvements[0m
[36m[2025-11-28T02:05:00.625Z] [INFO] 
📊 Cycle Summary[0m
[36m[2025-11-28T02:05:00.625Z] [INFO] =============================================[0m
[36m[2025-11-28T02:05:00.625Z] [INFO] Improvements: 14[0m
[36m[2025-11-28T02:05:00.626Z] [INFO] Errors: 2[0m
[36m[2025-11-28T02:05:00.626Z] [INFO] Duration: 65.14s[0m
[36m[2025-11-28T02:05:00.626Z] [INFO] Total improvements (all cycles): 1038[0m
[36m[2025-11-28T02:05:00.626Z] [INFO] Overall Success Rate: 93.33%[0m
[36m[2025-11-28T02:05:00.626Z] [INFO] Total Runs: 15 (14 success, 1 failures)[0m
[36m[2025-11-28T02:05:00.627Z] [INFO] Improvement cycle #1 completed {"improvements":14,"errors":2,"duration":65138}[0m
[36m[2025-11-28T02:05:00.627Z] [INFO] 
✅ Continuous improvement running...[0m
[36m[2025-11-28T02:05:00.627Z] [INFO] Press Ctrl+C to stop[0m
[36m[2025-11-28T02:07:30.625Z] [INFO] Started: 8:07:30 PM[0m
[36m[2025-11-28T02:07:30.627Z] [INFO] 📋 Phase 1: Repository & Git Updates[0m
[31m[2025-11-28T02:07:31.044Z] [ERROR] Improvement cycle failed {"error":"toolStat.phases.add is not a function"}[0m
[36m[2025-11-28T02:10:00.620Z] [INFO] Started: 8:10:00 PM[0m
[36m[2025-11-28T02:10:00.621Z] [INFO] 📋 Phase 1: Repository & Git Updates[0m
[31m[2025-11-28T02:10:01.029Z] [ERROR] Improvement cycle failed {"error":"toolStat.phases.add is not a function"}[0m
[36m[2025-11-28T02:12:30.649Z] [INFO] Started: 8:12:30 PM[0m
[36m[2025-11-28T02:12:30.650Z] [INFO] 📋 Phase 1: Repository & Git Updates[0m
[31m[2025-11-28T02:12:31.055Z] [ERROR] Improvement cycle failed {"error":"toolStat.phases.add is not a function"}[0m
[36m[2025-11-28T02:15:00.645Z] [INFO] Started: 8:15:00 PM[0m
[36m[2025-11-28T02:15:00.646Z] [INFO] 📋 Phase 1: Repository & Git Updates[0m
[31m[2025-11-28T02:15:01.103Z] [ERROR] Improvement cycle failed {"error":"toolStat.phases.add is not a function"}[0m
[36m[2025-11-28T02:17:30.641Z] [INFO] Started: 8:17:30 PM[0m
[36m[2025-11-28T02:17:30.642Z] [INFO] 📋 Phase 1: Repository & Git Updates[0m
[31m[2025-11-28T02:17:31.543Z] [ERROR] Improvement cycle failed {"error":"toolStat.phases.add is not a function"}[0m
[36m[2025-11-28T02:20:00.638Z] [INFO] Started: 8:20:00 PM[0m
[36m[2025-11-28T02:20:00.639Z] [INFO] 📋 Phase 1: Repository & Git Updates[0m
[31m[2025-11-28T02:20:01.511Z] [ERROR] Improvement cycle failed {"error":"toolStat.phases.add is not a function"}[0m
[36m[2025-11-28T02:22:30.659Z] [INFO] Started: 8:22:30 PM[0m
[36m[2025-11-28T02:22:30.662Z] [INFO] 📋 Phase 1: Repository & Git Updates[0m
[31m[2025-11-28T02:22:31.526Z] [ERROR] Improvement cycle failed {"error":"toolStat.phases.add is not a function"}[0m
[36m[2025-11-28T02:25:00.659Z] [INFO] Started: 8:25:00 PM[0m
[36m[2025-11-28T02:25:00.663Z] [INFO] 📋 Phase 1: Repository & Git Updates[0m
[31m[2025-11-28T02:25:01.646Z] [ERROR] Improvement cycle failed {"error":"toolStat.phases.add is not a function"}[0m
[36m[2025-11-28T02:27:30.652Z] [INFO] Started: 8:27:30 PM[0m
[36m[2025-11-28T02:27:30.653Z] [INFO] 📋 Phase 1: Repository & Git Updates[0m
[31m[2025-11-28T02:27:31.719Z] [ERROR] Improvement cycle failed {"error":"toolStat.phases.add is not a function"}[0m
[36m[2025-11-28T02:30:00.649Z] [INFO] Started: 8:30:00 PM[0m
[36m[2025-11-28T02:30:00.650Z] [INFO] 📋 Phase 1: Repository & Git Updates[0m
[31m[2025-11-28T02:30:01.691Z] [ERROR] Improvement cycle failed {"error":"toolStat.phases.add is not a function"}[0m
[36m[2025-11-28T02:32:30.658Z] [INFO] Started: 8:32:30 PM[0m
[36m[2025-11-28T02:32:30.660Z] [INFO] 📋 Phase 1: Repository & Git Updates[0m
[31m[2025-11-28T02:32:31.735Z] [ERROR] Improvement cycle failed {"error":"toolStat.phases.add is not a function"}[0m
[36m[2025-11-28T02:35:00.658Z] [INFO] Started: 8:35:00 PM[0m
[36m[2025-11-28T02:35:00.668Z] [INFO] 📋 Phase 1: Repository & Git Updates[0m
[31m[2025-11-28T02:35:01.960Z] [ERROR] Improvement cycle failed {"error":"toolStat.phases.add is not a function"}[0m
[36m[2025-11-28T02:37:30.652Z] [INFO] Started: 8:37:30 PM[0m
[36m[2025-11-28T02:37:30.653Z] [INFO] 📋 Phase 1: Repository & Git Updates[0m
[31m[2025-11-28T02:37:31.741Z] [ERROR] Improvement cycle failed {"error":"toolStat.phases.add is not a function"}[0m
[36m[2025-11-28T02:40:54.521Z] [INFO] Started: 8:40:54 PM[0m
[36m[2025-11-28T02:40:55.199Z] [INFO] 📋 Phase 1: Repository & Git Updates[0m
[31m[2025-11-28T02:40:56.996Z] [ERROR] Improvement cycle failed {"error":"toolStat.phases.add is not a function"}[0m
[36m[2025-11-28T02:43:24.538Z] [INFO] Started: 8:43:24 PM[0m
[36m[2025-11-28T02:43:24.540Z] [INFO] 📋 Phase 1: Repository & Git Updates[0m
[31m[2025-11-28T02:43:25.818Z] [ERROR] Improvement cycle failed {"error":"toolStat.phases.add is not a function"}[0m
[36m[2025-11-28T02:45:54.532Z] [INFO] Started: 8:45:54 PM[0m
[36m[2025-11-28T02:45:54.533Z] [INFO] 📋 Phase 1: Repository & Git Updates[0m
[31m[2025-11-28T02:45:55.747Z] [ERROR] Improvement cycle failed {"error":"toolStat.phases.add is not a function"}[0m
[36m[2025-11-28T02:49:58.774Z] [INFO] Started: 8:49:58 PM[0m
[36m[2025-11-28T02:49:58.785Z] [INFO] 📋 Phase 1: Repository & Git Updates[0m
[31m[2025-11-28T02:49:59.504Z] [ERROR] Improvement cycle failed {"error":"toolStat.phases.add is not a function"}[0m
[36m[2025-11-28T02:52:28.756Z] [INFO] Started: 8:52:28 PM[0m
[36m[2025-11-28T02:52:28.758Z] [INFO] 📋 Phase 1: Repository & Git Updates[0m
[31m[2025-11-28T02:52:29.903Z] [ERROR] Improvement cycle failed {"error":"toolStat.phases.add is not a function"}[0m
[36m[2025-11-28T02:54:58.756Z] [INFO] Started: 8:54:58 PM[0m
[36m[2025-11-28T02:54:58.768Z] [INFO] 📋 Phase 1: Repository & Git Updates[0m
[31m[2025-11-28T02:55:00.049Z] [ERROR] Improvement cycle failed {"error":"toolStat.phases.add is not a function"}[0m
[36m[2025-11-28T02:57:28.834Z] [INFO] Started: 8:57:28 PM[0m
[36m[2025-11-28T02:57:28.874Z] [INFO] 📋 Phase 1: Repository & Git Updates[0m
[31m[2025-11-28T02:57:53.692Z] [ERROR] Improvement cycle failed {"error":"toolStat.phases.add is not a function"}[0m
[36m[2025-11-28T02:59:58.810Z] [INFO] Started: 8:59:58 PM[0m
[36m[2025-11-28T02:59:58.814Z] [INFO] 📋 Phase 1: Repository & Git Updates[0m
[31m[2025-11-28T02:59:59.897Z] [ERROR] Improvement cycle failed {"error":"toolStat.phases.add is not a function"}[0m
[36m[2025-11-28T03:02:28.817Z] [INFO] Started: 9:02:28 PM[0m
[36m[2025-11-28T03:02:28.829Z] [INFO] 📋 Phase 1: Repository & Git Updates[0m
[31m[2025-11-28T03:02:30.009Z] [ERROR] Improvement cycle failed {"error":"toolStat.phases.add is not a function"}[0m
[36m[2025-11-28T03:04:58.816Z] [INFO] Started: 9:04:58 PM[0m
[36m[2025-11-28T03:04:58.823Z] [INFO] 📋 Phase 1: Repository & Git Updates[0m
[31m[2025-11-28T03:04:59.887Z] [ERROR] Improvement cycle failed {"error":"toolStat.phases.add is not a function"}[0m
[36m[2025-11-28T03:21:00.381Z] [INFO] Started: 9:21:00 PM[0m
[36m[2025-11-28T03:21:00.384Z] [INFO] 📋 Phase 1: Repository & Git Updates[0m
[31m[2025-11-28T03:21:01.124Z] [ERROR] Improvement cycle failed {"error":"toolStat.phases.add is not a function"}[0m
[36m[2025-11-28T03:36:24.252Z] [INFO] Started: 9:36:24 PM[0m
[36m[2025-11-28T03:36:24.252Z] [INFO] 📋 Phase 1: Repository & Git Updates[0m
[31m[2025-11-28T03:36:24.918Z] [ERROR] Improvement cycle failed {"error":"toolStat.phases.add is not a function"}[0m
[36m[2025-11-28T03:44:17.184Z] [INFO] Started: 9:44:17 PM[0m
[36m[2025-11-28T03:44:17.185Z] [INFO] 📋 Phase 1: Repository & Git Updates[0m
[31m[2025-11-28T03:44:19.692Z] [ERROR] Improvement cycle failed {"error":"toolStat.phases.add is not a function"}[0m
[36m[2025-11-28T03:46:47.182Z] [INFO] Started: 9:46:47 PM[0m
[36m[2025-11-28T03:46:47.188Z] [INFO] 📋 Phase 1: Repository & Git Updates[0m
[31m[2025-11-28T03:46:48.023Z] [ERROR] Improvement cycle failed {"error":"toolStat.phases.add is not a function"}[0m
[36m[2025-11-28T03:51:59.782Z] [INFO] Started: 9:51:59 PM[0m
[36m[2025-11-28T03:51:59.787Z] [INFO] 📋 Phase 1: Repository & Git Updates[0m
[31m[2025-11-28T03:52:01.053Z] [ERROR] Improvement cycle failed {"error":"toolStat.phases.add is not a function"}[0m
[36m[2025-11-28T03:54:29.816Z] [INFO] Started: 9:54:29 PM[0m
[36m[2025-11-28T03:54:29.832Z] [INFO] 📋 Phase 1: Repository & Git Updates[0m
[31m[2025-11-28T03:54:31.414Z] [ERROR] Improvement cycle failed {"error":"toolStat.phases.add is not a function"}[0m
[36m[2025-11-28T03:56:59.794Z] [INFO] Started: 9:56:59 PM[0m
[36m[2025-11-28T03:56:59.800Z] [INFO] 📋 Phase 1: Repository & Git Updates[0m
[31m[2025-11-28T03:57:01.317Z] [ERROR] Improvement cycle failed {"error":"toolStat.phases.add is not a function"}[0m
[36m[2025-11-28T03:59:29.792Z] [INFO] Started: 9:59:29 PM[0m
[36m[2025-11-28T03:59:29.801Z] [INFO] 📋 Phase 1: Repository & Git Updates[0m
[31m[2025-11-28T03:59:31.022Z] [ERROR] Improvement cycle failed {"error":"toolStat.phases.add is not a function"}[0m
[36m[2025-11-28T04:00:42.281Z] [INFO] 

🛑 Stopping continuous improvement...[0m
[36m[2025-11-28T04:00:42.310Z] [INFO] ✅ State saved. Goodbye![0m
